Analysis & Synthesis report for Digital_Clock
Mon Aug 22 17:07:19 2022
Quartus II 32-bit Version 13.0.0 Build 156 04/24/2013 SJ Full Version


---------------------
; Table of Contents ;
---------------------
  1. Legal Notice
  2. Analysis & Synthesis Summary
  3. Analysis & Synthesis Settings
  4. Parallel Compilation
  5. Analysis & Synthesis Source Files Read
  6. Analysis & Synthesis Resource Usage Summary
  7. Analysis & Synthesis Resource Utilization by Entity
  8. User-Specified and Inferred Latches
  9. Registers Removed During Synthesis
 10. General Register Statistics
 11. Multiplexer Restructuring Statistics (Restructuring Performed)
 12. Elapsed Time Per Partition
 13. Analysis & Synthesis Messages



----------------
; Legal Notice ;
----------------
Copyright (C) 1991-2013 Altera Corporation
Your use of Altera Corporation's design tools, logic functions 
and other software and tools, and its AMPP partner logic 
functions, and any output files from any of the foregoing 
(including device programming or simulation files), and any 
associated documentation or information are expressly subject 
to the terms and conditions of the Altera Program License 
Subscription Agreement, Altera MegaCore Function License 
Agreement, or other applicable license agreement, including, 
without limitation, that your use is for the sole purpose of 
programming logic devices manufactured by Altera and sold by 
Altera or its authorized distributors.  Please refer to the 
applicable agreement for further details.



+----------------------------------------------------------------------------------+
; Analysis & Synthesis Summary                                                     ;
+------------------------------------+---------------------------------------------+
; Analysis & Synthesis Status        ; Successful - Mon Aug 22 17:07:19 2022       ;
; Quartus II 32-bit Version          ; 13.0.0 Build 156 04/24/2013 SJ Full Version ;
; Revision Name                      ; Digital_Clock                               ;
; Top-level Entity Name              ; TOP                                         ;
; Family                             ; Cyclone IV E                                ;
; Total logic elements               ; 121                                         ;
;     Total combinational functions  ; 121                                         ;
;     Dedicated logic registers      ; 61                                          ;
; Total registers                    ; 61                                          ;
; Total pins                         ; 85                                          ;
; Total virtual pins                 ; 0                                           ;
; Total memory bits                  ; 0                                           ;
; Embedded Multiplier 9-bit elements ; 0                                           ;
; Total PLLs                         ; 0                                           ;
+------------------------------------+---------------------------------------------+


+----------------------------------------------------------------------------------------------------------------------+
; Analysis & Synthesis Settings                                                                                        ;
+----------------------------------------------------------------------------+--------------------+--------------------+
; Option                                                                     ; Setting            ; Default Value      ;
+----------------------------------------------------------------------------+--------------------+--------------------+
; Top-level entity name                                                      ; TOP                ; Digital_Clock      ;
; Family name                                                                ; Cyclone IV E       ; Cyclone IV GX      ;
; Use smart compilation                                                      ; Off                ; Off                ;
; Enable parallel Assembler and TimeQuest Timing Analyzer during compilation ; On                 ; On                 ;
; Enable compact report table                                                ; Off                ; Off                ;
; Restructure Multiplexers                                                   ; Auto               ; Auto               ;
; Create Debugging Nodes for IP Cores                                        ; Off                ; Off                ;
; Preserve fewer node names                                                  ; On                 ; On                 ;
; Disable OpenCore Plus hardware evaluation                                  ; Off                ; Off                ;
; Verilog Version                                                            ; Verilog_2001       ; Verilog_2001       ;
; VHDL Version                                                               ; VHDL_1993          ; VHDL_1993          ;
; State Machine Processing                                                   ; Auto               ; Auto               ;
; Safe State Machine                                                         ; Off                ; Off                ;
; Extract Verilog State Machines                                             ; On                 ; On                 ;
; Extract VHDL State Machines                                                ; On                 ; On                 ;
; Ignore Verilog initial constructs                                          ; Off                ; Off                ;
; Iteration limit for constant Verilog loops                                 ; 5000               ; 5000               ;
; Iteration limit for non-constant Verilog loops                             ; 250                ; 250                ;
; Add Pass-Through Logic to Inferred RAMs                                    ; On                 ; On                 ;
; Infer RAMs from Raw Logic                                                  ; On                 ; On                 ;
; Parallel Synthesis                                                         ; On                 ; On                 ;
; DSP Block Balancing                                                        ; Auto               ; Auto               ;
; NOT Gate Push-Back                                                         ; On                 ; On                 ;
; Power-Up Don't Care                                                        ; On                 ; On                 ;
; Remove Redundant Logic Cells                                               ; Off                ; Off                ;
; Remove Duplicate Registers                                                 ; On                 ; On                 ;
; Ignore CARRY Buffers                                                       ; Off                ; Off                ;
; Ignore CASCADE Buffers                                                     ; Off                ; Off                ;
; Ignore GLOBAL Buffers                                                      ; Off                ; Off                ;
; Ignore ROW GLOBAL Buffers                                                  ; Off                ; Off                ;
; Ignore LCELL Buffers                                                       ; Off                ; Off                ;
; Ignore SOFT Buffers                                                        ; On                 ; On                 ;
; Limit AHDL Integers to 32 Bits                                             ; Off                ; Off                ;
; Optimization Technique                                                     ; Balanced           ; Balanced           ;
; Carry Chain Length                                                         ; 70                 ; 70                 ;
; Auto Carry Chains                                                          ; On                 ; On                 ;
; Auto Open-Drain Pins                                                       ; On                 ; On                 ;
; Perform WYSIWYG Primitive Resynthesis                                      ; Off                ; Off                ;
; Auto ROM Replacement                                                       ; On                 ; On                 ;
; Auto RAM Replacement                                                       ; On                 ; On                 ;
; Auto DSP Block Replacement                                                 ; On                 ; On                 ;
; Auto Shift Register Replacement                                            ; Auto               ; Auto               ;
; Allow Shift Register Merging across Hierarchies                            ; Auto               ; Auto               ;
; Auto Clock Enable Replacement                                              ; On                 ; On                 ;
; Strict RAM Replacement                                                     ; Off                ; Off                ;
; Allow Synchronous Control Signals                                          ; On                 ; On                 ;
; Force Use of Synchronous Clear Signals                                     ; Off                ; Off                ;
; Auto RAM Block Balancing                                                   ; On                 ; On                 ;
; Auto RAM to Logic Cell Conversion                                          ; Off                ; Off                ;
; Auto Resource Sharing                                                      ; Off                ; Off                ;
; Allow Any RAM Size For Recognition                                         ; Off                ; Off                ;
; Allow Any ROM Size For Recognition                                         ; Off                ; Off                ;
; Allow Any Shift Register Size For Recognition                              ; Off                ; Off                ;
; Use LogicLock Constraints during Resource Balancing                        ; On                 ; On                 ;
; Ignore translate_off and synthesis_off directives                          ; Off                ; Off                ;
; Timing-Driven Synthesis                                                    ; On                 ; On                 ;
; Report Parameter Settings                                                  ; On                 ; On                 ;
; Report Source Assignments                                                  ; On                 ; On                 ;
; Report Connectivity Checks                                                 ; On                 ; On                 ;
; Ignore Maximum Fan-Out Assignments                                         ; Off                ; Off                ;
; Synchronization Register Chain Length                                      ; 2                  ; 2                  ;
; PowerPlay Power Optimization                                               ; Normal compilation ; Normal compilation ;
; HDL message level                                                          ; Level2             ; Level2             ;
; Suppress Register Optimization Related Messages                            ; Off                ; Off                ;
; Number of Removed Registers Reported in Synthesis Report                   ; 5000               ; 5000               ;
; Number of Swept Nodes Reported in Synthesis Report                         ; 5000               ; 5000               ;
; Number of Inverted Registers Reported in Synthesis Report                  ; 100                ; 100                ;
; Clock MUX Protection                                                       ; On                 ; On                 ;
; Auto Gated Clock Conversion                                                ; Off                ; Off                ;
; Block Design Naming                                                        ; Auto               ; Auto               ;
; SDC constraint protection                                                  ; Off                ; Off                ;
; Synthesis Effort                                                           ; Auto               ; Auto               ;
; Shift Register Replacement - Allow Asynchronous Clear Signal               ; On                 ; On                 ;
; Pre-Mapping Resynthesis Optimization                                       ; Off                ; Off                ;
; Analysis & Synthesis Message Level                                         ; Medium             ; Medium             ;
; Disable Register Merging Across Hierarchies                                ; Auto               ; Auto               ;
; Resource Aware Inference For Block RAM                                     ; On                 ; On                 ;
; Synthesis Seed                                                             ; 1                  ; 1                  ;
+----------------------------------------------------------------------------+--------------------+--------------------+


+------------------------------------------+
; Parallel Compilation                     ;
+----------------------------+-------------+
; Processors                 ; Number      ;
+----------------------------+-------------+
; Number detected on machine ; 12          ;
; Maximum allowed            ; 6           ;
;                            ;             ;
; Average used               ; 1.00        ;
; Maximum used               ; 1           ;
;                            ;             ;
; Usage by Processor         ; % Time Used ;
;     Processor 1            ; 100.0%      ;
;     Processors 2-12        ;   0.0%      ;
+----------------------------+-------------+


+-----------------------------------------------------------------------------------------------------------------------------------+
; Analysis & Synthesis Source Files Read                                                                                            ;
+----------------------------------+-----------------+------------------------+-------------------------------------------+---------+
; File Name with User-Entered Path ; Used in Netlist ; File Type              ; File Name with Absolute Path              ; Library ;
+----------------------------------+-----------------+------------------------+-------------------------------------------+---------+
; Code/TOP.v                       ; yes             ; User Verilog HDL File  ; E:/FPGA/Digital_Clock/Code/TOP.v          ;         ;
; Code/display_ctrl.v              ; yes             ; User Verilog HDL File  ; E:/FPGA/Digital_Clock/Code/display_ctrl.v ;         ;
; Code/time_control.v              ; yes             ; User Verilog HDL File  ; E:/FPGA/Digital_Clock/Code/time_control.v ;         ;
+----------------------------------+-----------------+------------------------+-------------------------------------------+---------+


+---------------------------------------------------------+
; Analysis & Synthesis Resource Usage Summary             ;
+---------------------------------------------+-----------+
; Resource                                    ; Usage     ;
+---------------------------------------------+-----------+
; Estimated Total logic elements              ; 121       ;
;                                             ;           ;
; Total combinational functions               ; 121       ;
; Logic element usage by number of LUT inputs ;           ;
;     -- 4 input functions                    ; 48        ;
;     -- 3 input functions                    ; 33        ;
;     -- <=2 input functions                  ; 40        ;
;                                             ;           ;
; Logic elements by mode                      ;           ;
;     -- normal mode                          ; 102       ;
;     -- arithmetic mode                      ; 19        ;
;                                             ;           ;
; Total registers                             ; 61        ;
;     -- Dedicated logic registers            ; 61        ;
;     -- I/O registers                        ; 0         ;
;                                             ;           ;
; I/O pins                                    ; 85        ;
; Embedded Multiplier 9-bit elements          ; 0         ;
; Maximum fan-out node                        ; clk~input ;
; Maximum fan-out                             ; 61        ;
; Total fan-out                               ; 700       ;
; Average fan-out                             ; 1.99      ;
+---------------------------------------------+-----------+


+------------------------------------------------------------------------------------------------------------------------------------------------------------------------------------------------------+
; Analysis & Synthesis Resource Utilization by Entity                                                                                                                                                  ;
+-------------------------------------+-------------------+--------------+-------------+--------------+---------+-----------+------+--------------+-------------------------------------+--------------+
; Compilation Hierarchy Node          ; LC Combinationals ; LC Registers ; Memory Bits ; DSP Elements ; DSP 9x9 ; DSP 18x18 ; Pins ; Virtual Pins ; Full Hierarchy Name                 ; Library Name ;
+-------------------------------------+-------------------+--------------+-------------+--------------+---------+-----------+------+--------------+-------------------------------------+--------------+
; |TOP                                ; 121 (0)           ; 61 (0)       ; 0           ; 0            ; 0       ; 0         ; 85   ; 0            ; |TOP                                ;              ;
;    |display_ctrl:display_ctrl_inst| ; 42 (42)           ; 18 (18)      ; 0           ; 0            ; 0       ; 0         ; 0    ; 0            ; |TOP|display_ctrl:display_ctrl_inst ;              ;
;    |time_control:time_control_inst| ; 79 (79)           ; 43 (43)      ; 0           ; 0            ; 0       ; 0         ; 0    ; 0            ; |TOP|time_control:time_control_inst ;              ;
+-------------------------------------+-------------------+--------------+-------------+--------------+---------+-----------+------+--------------+-------------------------------------+--------------+
Note: For table entries with two numbers listed, the numbers in parentheses indicate the number of resources of the given type used by the specific entity alone. The numbers listed outside of parentheses indicate the total resources of the given type used by the specific entity and all of its sub-entities in the hierarchy.


+--------------------------------------------------------------------------------------------------------------------+
; User-Specified and Inferred Latches                                                                                ;
+----------------------------------------------------+--------------------------------------+------------------------+
; Latch Name                                         ; Latch Enable Signal                  ; Free of Timing Hazards ;
+----------------------------------------------------+--------------------------------------+------------------------+
; display_ctrl:display_ctrl_inst|data[0]             ; display_ctrl:display_ctrl_inst|Mux11 ; yes                    ;
; display_ctrl:display_ctrl_inst|data[1]             ; display_ctrl:display_ctrl_inst|Mux11 ; yes                    ;
; display_ctrl:display_ctrl_inst|data[2]             ; display_ctrl:display_ctrl_inst|Mux11 ; yes                    ;
; display_ctrl:display_ctrl_inst|data[3]             ; display_ctrl:display_ctrl_inst|Mux11 ; yes                    ;
; display_ctrl:display_ctrl_inst|data[4]             ; display_ctrl:display_ctrl_inst|Mux11 ; yes                    ;
; display_ctrl:display_ctrl_inst|data[5]             ; display_ctrl:display_ctrl_inst|Mux11 ; yes                    ;
; display_ctrl:display_ctrl_inst|data[6]             ; display_ctrl:display_ctrl_inst|Mux11 ; yes                    ;
; Number of user-specified and inferred latches = 7  ;                                      ;                        ;
+----------------------------------------------------+--------------------------------------+------------------------+
Note: All latches listed above may not be present at the end of synthesis due to various synthesis optimizations.


+--------------------------------------------------------------+
; Registers Removed During Synthesis                           ;
+-----------------------------------------+--------------------+
; Register name                           ; Reason for Removal ;
+-----------------------------------------+--------------------+
; display_ctrl:display_ctrl_inst|m[6..10] ; Lost fanout        ;
; Total Number of Removed Registers = 5   ;                    ;
+-----------------------------------------+--------------------+


+------------------------------------------------------+
; General Register Statistics                          ;
+----------------------------------------------+-------+
; Statistic                                    ; Value ;
+----------------------------------------------+-------+
; Total registers                              ; 61    ;
; Number of registers using Synchronous Clear  ; 6     ;
; Number of registers using Synchronous Load   ; 8     ;
; Number of registers using Asynchronous Clear ; 49    ;
; Number of registers using Asynchronous Load  ; 0     ;
; Number of registers using Clock Enable       ; 20    ;
; Number of registers using Preset             ; 0     ;
+----------------------------------------------+-------+


+-------------------------------------------------------------------------------------------------------------------------------------------------------------------+
; Multiplexer Restructuring Statistics (Restructuring Performed)                                                                                                    ;
+--------------------+-----------+---------------+----------------------+------------------------+------------+-----------------------------------------------------+
; Multiplexer Inputs ; Bus Width ; Baseline Area ; Area if Restructured ; Saving if Restructured ; Registered ; Example Multiplexer Output                          ;
+--------------------+-----------+---------------+----------------------+------------------------+------------+-----------------------------------------------------+
; 4:1                ; 4 bits    ; 8 LEs         ; 8 LEs                ; 0 LEs                  ; Yes        ; |TOP|time_control:time_control_inst|sec_ge[0]       ;
; 4:1                ; 3 bits    ; 6 LEs         ; 6 LEs                ; 0 LEs                  ; Yes        ; |TOP|time_control:time_control_inst|sec_shi[0]      ;
; 4:1                ; 4 bits    ; 8 LEs         ; 8 LEs                ; 0 LEs                  ; Yes        ; |TOP|time_control:time_control_inst|min_ge[3]       ;
; 4:1                ; 3 bits    ; 6 LEs         ; 6 LEs                ; 0 LEs                  ; Yes        ; |TOP|time_control:time_control_inst|min_shi[2]      ;
; 4:1                ; 2 bits    ; 4 LEs         ; 4 LEs                ; 0 LEs                  ; Yes        ; |TOP|time_control:time_control_inst|hour_shi[1]     ;
; 8:1                ; 2 bits    ; 10 LEs        ; 8 LEs                ; 2 LEs                  ; Yes        ; |TOP|display_ctrl:display_ctrl_inst|display_data[1] ;
; 5:1                ; 4 bits    ; 12 LEs        ; 8 LEs                ; 4 LEs                  ; Yes        ; |TOP|time_control:time_control_inst|hour_ge[3]      ;
+--------------------+-----------+---------------+----------------------+------------------------+------------+-----------------------------------------------------+


+-------------------------------+
; Elapsed Time Per Partition    ;
+----------------+--------------+
; Partition Name ; Elapsed Time ;
+----------------+--------------+
; Top            ; 00:00:00     ;
+----------------+--------------+


+-------------------------------+
; Analysis & Synthesis Messages ;
+-------------------------------+
Info: *******************************************************************
Info: Running Quartus II 32-bit Analysis & Synthesis
    Info: Version 13.0.0 Build 156 04/24/2013 SJ Full Version
    Info: Processing started: Mon Aug 22 17:07:18 2022
Info: Command: quartus_map --read_settings_files=on --write_settings_files=off Digital_Clock -c Digital_Clock
Info (11104): Parallel Compilation has detected 12 hyper-threaded processors. However, the extra hyper-threaded processors will not be used by default. Parallel Compilation will use 6 of the 6 physical processors detected instead.
Info (12021): Found 1 design units, including 1 entities, in source file code/top.v
    Info (12023): Found entity 1: TOP
Info (12021): Found 1 design units, including 1 entities, in source file code/display_ctrl.v
    Info (12023): Found entity 1: display_ctrl
Info (12021): Found 1 design units, including 1 entities, in source file code/time_control.v
    Info (12023): Found entity 1: time_control
Info (12127): Elaborating entity "TOP" for the top level hierarchy
Info (12128): Elaborating entity "time_control" for hierarchy "time_control:time_control_inst"
Warning (10036): Verilog HDL or VHDL warning at time_control.v(48): object "flag_1s" assigned a value but never read
Warning (10036): Verilog HDL or VHDL warning at time_control.v(186): object "flag_hour_shi" assigned a value but never read
Warning (10230): Verilog HDL assignment warning at time_control.v(42): truncated value with size 32 to match size of target (16)
Warning (10230): Verilog HDL assignment warning at time_control.v(60): truncated value with size 32 to match size of target (12)
Warning (10230): Verilog HDL assignment warning at time_control.v(93): truncated value with size 32 to match size of target (4)
Warning (10230): Verilog HDL assignment warning at time_control.v(108): truncated value with size 4 to match size of target (3)
Warning (10230): Verilog HDL assignment warning at time_control.v(117): truncated value with size 32 to match size of target (3)
Warning (10230): Verilog HDL assignment warning at time_control.v(148): truncated value with size 32 to match size of target (4)
Warning (10230): Verilog HDL assignment warning at time_control.v(163): truncated value with size 4 to match size of target (3)
Warning (10230): Verilog HDL assignment warning at time_control.v(172): truncated value with size 32 to match size of target (3)
Warning (10230): Verilog HDL assignment warning at time_control.v(207): truncated value with size 32 to match size of target (4)
Warning (10230): Verilog HDL assignment warning at time_control.v(222): truncated value with size 4 to match size of target (2)
Warning (10230): Verilog HDL assignment warning at time_control.v(231): truncated value with size 32 to match size of target (2)
Info (12128): Elaborating entity "display_ctrl" for hierarchy "display_ctrl:display_ctrl_inst"
Warning (10230): Verilog HDL assignment warning at display_ctrl.v(26): truncated value with size 32 to match size of target (11)
Warning (10235): Verilog HDL Always Construct warning at display_ctrl.v(85): variable "data" is read inside the Always Construct but isn't in the Always Construct's Event Control
Warning (10240): Verilog HDL Always Construct warning at display_ctrl.v(73): inferring latch(es) for variable "data", which holds its previous value in one or more paths through the always construct
Info (10041): Inferred latch for "data[0]" at display_ctrl.v(73)
Info (10041): Inferred latch for "data[1]" at display_ctrl.v(73)
Info (10041): Inferred latch for "data[2]" at display_ctrl.v(73)
Info (10041): Inferred latch for "data[3]" at display_ctrl.v(73)
Info (10041): Inferred latch for "data[4]" at display_ctrl.v(73)
Info (10041): Inferred latch for "data[5]" at display_ctrl.v(73)
Info (10041): Inferred latch for "data[6]" at display_ctrl.v(73)
Info (10041): Inferred latch for "data[7]" at display_ctrl.v(73)
Warning (13012): Latch display_ctrl:display_ctrl_inst|data[0] has unsafe behavior
    Warning (13013): Ports D and ENA on the latch are fed by the same signal display_ctrl:display_ctrl_inst|display_data[1]
Warning (13012): Latch display_ctrl:display_ctrl_inst|data[1] has unsafe behavior
    Warning (13013): Ports D and ENA on the latch are fed by the same signal display_ctrl:display_ctrl_inst|display_data[2]
Warning (13012): Latch display_ctrl:display_ctrl_inst|data[2] has unsafe behavior
    Warning (13013): Ports D and ENA on the latch are fed by the same signal display_ctrl:display_ctrl_inst|display_data[1]
Warning (13012): Latch display_ctrl:display_ctrl_inst|data[3] has unsafe behavior
    Warning (13013): Ports D and ENA on the latch are fed by the same signal display_ctrl:display_ctrl_inst|display_data[1]
Warning (13012): Latch display_ctrl:display_ctrl_inst|data[4] has unsafe behavior
    Warning (13013): Ports D and ENA on the latch are fed by the same signal display_ctrl:display_ctrl_inst|display_data[1]
Warning (13012): Latch display_ctrl:display_ctrl_inst|data[5] has unsafe behavior
    Warning (13013): Ports D and ENA on the latch are fed by the same signal display_ctrl:display_ctrl_inst|display_data[1]
Warning (13012): Latch display_ctrl:display_ctrl_inst|data[6] has unsafe behavior
    Warning (13013): Ports D and ENA on the latch are fed by the same signal display_ctrl:display_ctrl_inst|display_data[1]
Warning (13024): Output pins are stuck at VCC or GND
    Warning (13410): Pin "sec_shi_r[3]" is stuck at GND
    Warning (13410): Pin "min_shi_r[3]" is stuck at GND
    Warning (13410): Pin "hour_shi_r[2]" is stuck at GND
    Warning (13410): Pin "hour_shi_r[3]" is stuck at GND
    Warning (13410): Pin "data_out[7]" is stuck at VCC
Info (286030): Timing-Driven Synthesis is running
Info (17049): 5 registers lost all their fanouts during netlist optimizations.
Info (16010): Generating hard_block partition "hard_block:auto_generated_inst"
    Info (16011): Adding 0 node(s), including 0 DDIO, 0 PLL, 0 transceiver and 0 LCELL
Warning (21074): Design contains 4 input pin(s) that do not drive logic
    Warning (15610): No output dependent on input pin "set_sec_shi[3]"
    Warning (15610): No output dependent on input pin "set_min_shi[3]"
    Warning (15610): No output dependent on input pin "set_hour_shi[2]"
    Warning (15610): No output dependent on input pin "set_hour_shi[3]"
Info (21057): Implemented 208 device resources after synthesis - the final resource count might be different
    Info (21058): Implemented 44 input pins
    Info (21059): Implemented 41 output pins
    Info (21061): Implemented 123 logic cells
Info: Quartus II 32-bit Analysis & Synthesis was successful. 0 errors, 41 warnings
    Info: Peak virtual memory: 383 megabytes
    Info: Processing ended: Mon Aug 22 17:07:19 2022
    Info: Elapsed time: 00:00:01
    Info: Total CPU time (on all processors): 00:00:01


