Flow report for Digital_Clock
Tue Oct 18 21:41:16 2022
Quartus II 32-bit Version 13.0.0 Build 156 04/24/2013 SJ Full Version


---------------------
; Table of Contents ;
---------------------
  1. Legal Notice
  2. Flow Summary
  3. Flow Settings
  4. Flow Non-Default Global Settings
  5. Flow Elapsed Time
  6. Flow OS Summary
  7. Flow Log
  8. Flow Messages
  9. Flow Suppressed Messages



----------------
; Legal Notice ;
----------------
Copyright (C) 1991-2013 Altera Corporation
Your use of Altera Corporation's design tools, logic functions 
and other software and tools, and its AMPP partner logic 
functions, and any output files from any of the foregoing 
(including device programming or simulation files), and any 
associated documentation or information are expressly subject 
to the terms and conditions of the Altera Program License 
Subscription Agreement, Altera MegaCore Function License 
Agreement, or other applicable license agreement, including, 
without limitation, that your use is for the sole purpose of 
programming logic devices manufactured by Altera and sold by 
Altera or its authorized distributors.  Please refer to the 
applicable agreement for further details.



+----------------------------------------------------------------------------------+
; Flow Summary                                                                     ;
+------------------------------------+---------------------------------------------+
; Flow Status                        ; Successful - Tue Oct 18 21:41:16 2022       ;
; Quartus II 32-bit Version          ; 13.0.0 Build 156 04/24/2013 SJ Full Version ;
; Revision Name                      ; Digital_Clock                               ;
; Top-level Entity Name              ; TOP                                         ;
; Family                             ; Cyclone IV E                                ;
; Device                             ; EP4CE6F17A7                                 ;
; Timing Models                      ; Final                                       ;
; Total logic elements               ; 125 / 6,272 ( 2 % )                         ;
;     Total combinational functions  ; 120 / 6,272 ( 2 % )                         ;
;     Dedicated logic registers      ; 84 / 6,272 ( 1 % )                          ;
; Total registers                    ; 84                                          ;
; Total pins                         ; 111 / 180 ( 62 % )                          ;
; Total virtual pins                 ; 0                                           ;
; Total memory bits                  ; 0 / 276,480 ( 0 % )                         ;
; Embedded Multiplier 9-bit elements ; 0 / 30 ( 0 % )                              ;
; Total PLLs                         ; 0 / 2 ( 0 % )                               ;
+------------------------------------+---------------------------------------------+


+-----------------------------------------+
; Flow Settings                           ;
+-------------------+---------------------+
; Option            ; Setting             ;
+-------------------+---------------------+
; Start date & time ; 10/18/2022 21:41:02 ;
; Main task         ; Compilation         ;
; Revision Name     ; Digital_Clock       ;
+-------------------+---------------------+


+------------------------------------------------------------------------------------------------------------------------+
; Flow Non-Default Global Settings                                                                                       ;
+---------------------------------------+---------------------------------+---------------+-------------+----------------+
; Assignment Name                       ; Value                           ; Default Value ; Entity Name ; Section Id     ;
+---------------------------------------+---------------------------------+---------------+-------------+----------------+
; COMPILER_SIGNATURE_ID                 ; 220283518175844.166610046206460 ; --            ; --          ; --             ;
; EDA_DESIGN_INSTANCE_NAME              ; NA                              ; --            ; --          ; tb_TOP         ;
; EDA_GENERATE_FUNCTIONAL_NETLIST       ; On                              ; --            ; --          ; eda_simulation ;
; EDA_NATIVELINK_PORTABLE_FILE_PATHS    ; On                              ; --            ; --          ; eda_simulation ;
; EDA_NATIVELINK_SIMULATION_TEST_BENCH  ; tb_TOP                          ; --            ; --          ; eda_simulation ;
; EDA_OUTPUT_DATA_FORMAT                ; Verilog Hdl                     ; --            ; --          ; eda_simulation ;
; EDA_SIMULATION_TOOL                   ; ModelSim-Altera (Verilog)       ; <None>        ; --          ; --             ;
; EDA_TEST_BENCH_ENABLE_STATUS          ; TEST_BENCH_MODE                 ; --            ; --          ; eda_simulation ;
; EDA_TEST_BENCH_FILE                   ; TestBench/tb_TOP.v              ; --            ; --          ; tb_TOP         ;
; EDA_TEST_BENCH_MODULE_NAME            ; tb_TOP                          ; --            ; --          ; tb_TOP         ;
; EDA_TEST_BENCH_NAME                   ; tb_TOP                          ; --            ; --          ; eda_simulation ;
; EDA_TIME_SCALE                        ; 1 ps                            ; --            ; --          ; eda_simulation ;
; MAX_CORE_JUNCTION_TEMP                ; 125                             ; --            ; --          ; --             ;
; MIN_CORE_JUNCTION_TEMP                ; -40                             ; --            ; --          ; --             ;
; PARTITION_COLOR                       ; 16764057                        ; --            ; TOP         ; Top            ;
; PARTITION_FITTER_PRESERVATION_LEVEL   ; PLACEMENT_AND_ROUTING           ; --            ; TOP         ; Top            ;
; PARTITION_NETLIST_TYPE                ; SOURCE                          ; --            ; TOP         ; Top            ;
; POWER_EXT_SUPPLY_VOLTAGE_TO_REGULATOR ; 3.3V                            ; --            ; --          ; --             ;
; POWER_PRESET_COOLING_SOLUTION         ; No Heat Sink With Still Air     ; --            ; --          ; --             ;
; PROJECT_OUTPUT_DIRECTORY              ; output_files                    ; --            ; --          ; --             ;
; TOP_LEVEL_ENTITY                      ; TOP                             ; Digital_Clock ; --          ; --             ;
+---------------------------------------+---------------------------------+---------------+-------------+----------------+


+-------------------------------------------------------------------------------------------------------------------------------+
; Flow Elapsed Time                                                                                                             ;
+---------------------------+--------------+-------------------------+---------------------+------------------------------------+
; Module Name               ; Elapsed Time ; Average Processors Used ; Peak Virtual Memory ; Total CPU Time (on all processors) ;
+---------------------------+--------------+-------------------------+---------------------+------------------------------------+
; Analysis & Synthesis      ; 00:00:01     ; 1.0                     ; 391 MB              ; 00:00:01                           ;
; Fitter                    ; 00:00:05     ; 1.6                     ; 678 MB              ; 00:00:06                           ;
; Assembler                 ; 00:00:02     ; 1.0                     ; 356 MB              ; 00:00:01                           ;
; TimeQuest Timing Analyzer ; 00:00:02     ; 1.0                     ; 386 MB              ; 00:00:02                           ;
; EDA Netlist Writer        ; 00:00:01     ; 1.0                     ; 328 MB              ; 00:00:00                           ;
; Total                     ; 00:00:11     ; --                      ; --                  ; 00:00:10                           ;
+---------------------------+--------------+-------------------------+---------------------+------------------------------------+


+----------------------------------------------------------------------------------------+
; Flow OS Summary                                                                        ;
+---------------------------+------------------+-----------+------------+----------------+
; Module Name               ; Machine Hostname ; OS Name   ; OS Version ; Processor type ;
+---------------------------+------------------+-----------+------------+----------------+
; Analysis & Synthesis      ; MSI              ; Windows 7 ; 6.2        ; x86_64         ;
; Fitter                    ; MSI              ; Windows 7 ; 6.2        ; x86_64         ;
; Assembler                 ; MSI              ; Windows 7 ; 6.2        ; x86_64         ;
; TimeQuest Timing Analyzer ; MSI              ; Windows 7 ; 6.2        ; x86_64         ;
; EDA Netlist Writer        ; MSI              ; Windows 7 ; 6.2        ; x86_64         ;
+---------------------------+------------------+-----------+------------+----------------+


------------
; Flow Log ;
------------
quartus_map --read_settings_files=on --write_settings_files=off Digital_Clock -c Digital_Clock
quartus_fit --read_settings_files=off --write_settings_files=off Digital_Clock -c Digital_Clock
quartus_asm --read_settings_files=off --write_settings_files=off Digital_Clock -c Digital_Clock
quartus_sta Digital_Clock -c Digital_Clock
quartus_eda --read_settings_files=off --write_settings_files=off Digital_Clock -c Digital_Clock



